    OpenRGB v0.71
    Commit: 4d4c18f1efa0c1b89dfa991278baccf6a72de77c from 2022-10-27 16:25:24 +0000
    Launched: 20221029_174728
====================================================================================================

1017  |Info:    Saving detector settings
1019  |Info:    ------------------------------------------------------
1019  |Info:    |               Start device detection               |
1019  |Info:    ------------------------------------------------------
1019  |Info:    Initializing HID interfaces: Success
1025  |Info:    ------------------------------------------------------
1026  |Info:    |             Detecting I2C interfaces               |
1026  |Info:    ------------------------------------------------------
1026  |Info:    Registering I2C interface: /dev/i2c-3 Device 8086:4680 Subsystem: 1462:7D30
1026  |Warning: [i2c_smbus_linux] Failed to read i2c device PCI device ID
1027  |Info:    Registering I2C interface: /dev/i2c-10 Device 0000:0000 Subsystem: 0000:0000
1027  |Info:    Registering I2C interface: /dev/i2c-1 Device 8086:4680 Subsystem: 1462:7D30
1027  |Info:    Registering I2C interface: /dev/i2c-8 Device 8086:4680 Subsystem: 1462:7D30
1027  |Info:    Registering I2C interface: /dev/i2c-6 Device 8086:4680 Subsystem: 1462:7D30
1027  |Info:    Registering I2C interface: /dev/i2c-4 Device 8086:4680 Subsystem: 1462:7D30
1027  |Info:    Registering I2C interface: /dev/i2c-11 Device 8086:7AA3 Subsystem: 1462:7D30
1027  |Info:    Registering I2C interface: /dev/i2c-2 Device 8086:4680 Subsystem: 1462:7D30
1027  |Info:    Registering I2C interface: /dev/i2c-0 Device 8086:4680 Subsystem: 1462:7D30
1028  |Warning: [i2c_smbus_linux] Failed to read i2c device PCI device ID
1028  |Info:    Registering I2C interface: /dev/i2c-9 Device 0000:0000 Subsystem: 0000:0000
1028  |Info:    Registering I2C interface: /dev/i2c-7 Device 8086:4680 Subsystem: 1462:7D30
1028  |Info:    Registering I2C interface: /dev/i2c-5 Device 8086:4680 Subsystem: 1462:7D30
1028  |Info:    ------------------------------------------------------
1028  |Info:    |               Detecting I2C devices                |
1028  |Info:    ------------------------------------------------------
1164  |Info:    [PluginManager] Scanning plugin directory: /home/freddiehaddad/.config/OpenRGB/plugins
1527  |Info:    ------------------------------------------------------
1527  |Info:    |               Detecting I2C PCI devices            |
1527  |Info:    ------------------------------------------------------
1527  |Info:    ------------------------------------------------------
1527  |Info:    |               Detecting HID devices                |
1527  |Info:    ------------------------------------------------------
1918  |Info:    [G502 HERO Gaming Mouse] Registering RGB controller
1919  |Info:    [Logitech G Pro RGB Mechanical Gaming Keyboard] Registering RGB controller
1989  |Info:    [MSI MPG Z690 CARBON WIFI (MS-7D30)] Registering RGB controller
1990  |Info:    ------------------------------------------------------
1990  |Info:    |              Detecting other devices               |
1990  |Info:    ------------------------------------------------------
1996  |Info:    ------------------------------------------------------
1996  |Info:    |                Detection completed                 |
1996  |Info:    ------------------------------------------------------
621954|Info:    Found file: OpenRGB Default.orp attempting to validate header
621954|Info:    Valid v3 profile found for OpenRGB Default
642849|Info:    Found file: OpenRGB Default.orp attempting to validate header
642850|Info:    Valid v3 profile found for OpenRGB Default
