    OpenRGB v0.71
    Commit: 4d4c18f1efa0c1b89dfa991278baccf6a72de77c from 2022-10-27 16:25:24 +0000
    Launched: 20221029_180126
====================================================================================================

0     |Info:    Found file: OpenRGB Default.orp attempting to validate header
0     |Info:    Valid v3 profile found for OpenRGB Default
1017  |Info:    ------------------------------------------------------
1017  |Info:    |               Start device detection               |
1017  |Info:    ------------------------------------------------------
1017  |Info:    Initializing HID interfaces: Success
1023  |Info:    ------------------------------------------------------
1023  |Info:    |             Detecting I2C interfaces               |
1023  |Info:    ------------------------------------------------------
1023  |Info:    Registering I2C interface: /dev/i2c-3 Device 8086:4680 Subsystem: 1462:7D30
1023  |Warning: [i2c_smbus_linux] Failed to read i2c device PCI device ID
1023  |Info:    Registering I2C interface: /dev/i2c-10 Device 0000:0000 Subsystem: 0000:0000
1023  |Info:    Registering I2C interface: /dev/i2c-1 Device 8086:4680 Subsystem: 1462:7D30
1023  |Info:    Registering I2C interface: /dev/i2c-8 Device 8086:4680 Subsystem: 1462:7D30
1023  |Info:    Registering I2C interface: /dev/i2c-6 Device 8086:4680 Subsystem: 1462:7D30
1023  |Info:    Registering I2C interface: /dev/i2c-4 Device 8086:4680 Subsystem: 1462:7D30
1024  |Info:    Registering I2C interface: /dev/i2c-11 Device 8086:7AA3 Subsystem: 1462:7D30
1024  |Info:    Registering I2C interface: /dev/i2c-2 Device 8086:4680 Subsystem: 1462:7D30
1024  |Info:    Registering I2C interface: /dev/i2c-0 Device 8086:4680 Subsystem: 1462:7D30
1024  |Warning: [i2c_smbus_linux] Failed to read i2c device PCI device ID
1024  |Info:    Registering I2C interface: /dev/i2c-9 Device 0000:0000 Subsystem: 0000:0000
1024  |Info:    Registering I2C interface: /dev/i2c-7 Device 8086:4680 Subsystem: 1462:7D30
1024  |Info:    Registering I2C interface: /dev/i2c-5 Device 8086:4680 Subsystem: 1462:7D30
1024  |Info:    ------------------------------------------------------
1024  |Info:    |               Detecting I2C devices                |
1024  |Info:    ------------------------------------------------------
1213  |Info:    [PluginManager] Scanning plugin directory: /home/freddiehaddad/.config/OpenRGB/plugins
1520  |Info:    ------------------------------------------------------
1520  |Info:    |               Detecting I2C PCI devices            |
1520  |Info:    ------------------------------------------------------
1521  |Info:    ------------------------------------------------------
1521  |Info:    |               Detecting HID devices                |
1521  |Info:    ------------------------------------------------------
1912  |Info:    [G502 HERO Gaming Mouse] Registering RGB controller
1918  |Info:    [Logitech G Pro RGB Mechanical Gaming Keyboard] Registering RGB controller
1989  |Info:    [MSI MPG Z690 CARBON WIFI (MS-7D30)] Registering RGB controller
1989  |Info:    ------------------------------------------------------
1989  |Info:    |              Detecting other devices               |
1989  |Info:    ------------------------------------------------------
2001  |Info:    ------------------------------------------------------
2001  |Info:    |                Detection completed                 |
2001  |Info:    ------------------------------------------------------
