    OpenRGB v0.71
    Commit: ca49748603dc1993c747273d65f57c7d9e1ccd5f from 2022-11-07 09:24:27 -0600
    Launched: 20221108_065913
====================================================================================================

1019  |Info:    ------------------------------------------------------
1019  |Info:    |               Start device detection               |
1019  |Info:    ------------------------------------------------------
1020  |Info:    Initializing HID interfaces: Success
1026  |Info:    ------------------------------------------------------
1026  |Info:    |             Detecting I2C interfaces               |
1026  |Info:    ------------------------------------------------------
1026  |Info:    Registering I2C interface: /dev/i2c-3 Device 8086:4680 Subsystem: 1462:7D30
1026  |Warning: [i2c_smbus_linux] Failed to read i2c device PCI device ID
1026  |Info:    Registering I2C interface: /dev/i2c-10 Device 0000:0000 Subsystem: 0000:0000
1026  |Info:    Registering I2C interface: /dev/i2c-1 Device 8086:4680 Subsystem: 1462:7D30
1026  |Info:    Registering I2C interface: /dev/i2c-8 Device 8086:4680 Subsystem: 1462:7D30
1026  |Info:    Registering I2C interface: /dev/i2c-6 Device 8086:4680 Subsystem: 1462:7D30
1026  |Info:    Registering I2C interface: /dev/i2c-4 Device 8086:4680 Subsystem: 1462:7D30
1027  |Info:    Registering I2C interface: /dev/i2c-11 Device 8086:7AA3 Subsystem: 1462:7D30
1027  |Info:    Registering I2C interface: /dev/i2c-2 Device 8086:4680 Subsystem: 1462:7D30
1027  |Info:    Registering I2C interface: /dev/i2c-0 Device 8086:4680 Subsystem: 1462:7D30
1027  |Warning: [i2c_smbus_linux] Failed to read i2c device PCI device ID
1027  |Info:    Registering I2C interface: /dev/i2c-9 Device 0000:0000 Subsystem: 0000:0000
1027  |Info:    Registering I2C interface: /dev/i2c-7 Device 8086:4680 Subsystem: 1462:7D30
1027  |Info:    Registering I2C interface: /dev/i2c-5 Device 8086:4680 Subsystem: 1462:7D30
1027  |Info:    ------------------------------------------------------
1027  |Info:    |               Detecting I2C devices                |
1027  |Info:    ------------------------------------------------------
1161  |Info:    [PluginManager] Scanning plugin directory: /home/freddiehaddad/.config/OpenRGB/plugins
1520  |Info:    ------------------------------------------------------
1520  |Info:    |               Detecting I2C PCI devices            |
1520  |Info:    ------------------------------------------------------
1520  |Info:    ------------------------------------------------------
1520  |Info:    |               Detecting HID devices                |
1520  |Info:    ------------------------------------------------------
1911  |Info:    [G502 HERO Gaming Mouse] Registering RGB controller
1912  |Info:    [Logitech G Pro RGB Mechanical Gaming Keyboard] Registering RGB controller
1986  |Info:    [MSI MPG Z690 CARBON WIFI (MS-7D30)] Registering RGB controller
1986  |Info:    ------------------------------------------------------
1986  |Info:    |              Detecting other devices               |
1986  |Info:    ------------------------------------------------------
1992  |Info:    ------------------------------------------------------
1992  |Info:    |                Detection completed                 |
1992  |Info:    ------------------------------------------------------
