    OpenRGB v0.71
    Commit: ca49748603dc1993c747273d65f57c7d9e1ccd5f from 2022-11-07 09:24:27 -0600
    Launched: 20221111_182025
====================================================================================================

0     |Info:    Found file: Default.orp attempting to validate header
0     |Info:    Valid v3 profile found for Default
14    |Info:    ------------------------------------------------------
14    |Info:    |               Start device detection               |
14    |Info:    ------------------------------------------------------
14    |Info:    Initializing HID interfaces: Success
16    |Info:    ------------------------------------------------------
16    |Info:    |             Detecting I2C interfaces               |
16    |Info:    ------------------------------------------------------
16    |Info:    Registering I2C interface: /dev/i2c-3 Device 8086:4680 Subsystem: 1462:7D30
16    |Warning: [i2c_smbus_linux] Failed to read i2c device PCI device ID
16    |Info:    Registering I2C interface: /dev/i2c-10 Device 0000:0000 Subsystem: 0000:0000
16    |Info:    Registering I2C interface: /dev/i2c-1 Device 8086:4680 Subsystem: 1462:7D30
16    |Info:    Registering I2C interface: /dev/i2c-8 Device 8086:4680 Subsystem: 1462:7D30
16    |Info:    Registering I2C interface: /dev/i2c-6 Device 8086:4680 Subsystem: 1462:7D30
16    |Info:    Registering I2C interface: /dev/i2c-4 Device 8086:4680 Subsystem: 1462:7D30
16    |Info:    Registering I2C interface: /dev/i2c-11 Device 8086:7AA3 Subsystem: 1462:7D30
16    |Info:    Registering I2C interface: /dev/i2c-2 Device 8086:4680 Subsystem: 1462:7D30
16    |Info:    Registering I2C interface: /dev/i2c-0 Device 8086:4680 Subsystem: 1462:7D30
16    |Warning: [i2c_smbus_linux] Failed to read i2c device PCI device ID
16    |Info:    Registering I2C interface: /dev/i2c-9 Device 0000:0000 Subsystem: 0000:0000
16    |Info:    Registering I2C interface: /dev/i2c-7 Device 8086:4680 Subsystem: 1462:7D30
16    |Info:    Registering I2C interface: /dev/i2c-5 Device 8086:4680 Subsystem: 1462:7D30
16    |Info:    ------------------------------------------------------
16    |Info:    |               Detecting I2C devices                |
16    |Info:    ------------------------------------------------------
201   |Info:    [PluginManager] Scanning plugin directory: /home/freddiehaddad/.config/OpenRGB/plugins
513   |Info:    ------------------------------------------------------
513   |Info:    |               Detecting I2C PCI devices            |
513   |Info:    ------------------------------------------------------
514   |Info:    ------------------------------------------------------
514   |Info:    |               Detecting HID devices                |
514   |Info:    ------------------------------------------------------
906   |Info:    [G502 HERO Gaming Mouse] Registering RGB controller
912   |Info:    [Logitech G Pro RGB Mechanical Gaming Keyboard] Registering RGB controller
982   |Info:    [MSI MPG Z690 CARBON WIFI (MS-7D30)] Registering RGB controller
983   |Info:    ------------------------------------------------------
983   |Info:    |              Detecting other devices               |
983   |Info:    ------------------------------------------------------
987   |Info:    ------------------------------------------------------
987   |Info:    |                Detection completed                 |
987   |Info:    ------------------------------------------------------
