INFO  2022-10-30T20:55:00.327 ThreadId(26) [client:typescript] Client starting.
INFO  2022-10-30T20:55:00.422 tokio-runtime-worker(ThreadId(23)) [1P:native-messaging/op-native-core-integration/src/lib.rs:281] Starting IPC listener on 1Password-BrowserSupport
INFO  2022-10-30T20:55:00.422 ThreadId(26) [1P:op-localization/src/lib.rs:236] system locale detected as 'en_US'
INFO  2022-10-30T20:55:00.422 ThreadId(26) [1P:op-localization/src/lib.rs:262] selected translations for EN_US based on detected locale en-US
INFO  2022-10-30T20:55:00.422 ThreadId(26) [status:op-app/src/app.rs:387] App::new(1Password for Linux/80904044 (EN_US), /home/$USER/.config/1Password/1password.sqlite)
INFO  2022-10-30T20:55:00.422 tokio-runtime-worker(ThreadId(22)) [1P:native-messaging/op-native-core-integration/src/lib.rs:293] Active native core integration is awaiting messages
INFO  2022-10-30T20:55:00.423 ThreadId(26) [1P:op-db/src/db.rs:120] Starting DB at version: 25
INFO  2022-10-30T20:55:00.423 ThreadId(26) [1P:ssh/op-ssh-config/src/lib.rs:231] agent not configured
ERROR 2022-10-30T20:55:00.423 ThreadId(26) [1P:ffi/core-node/src/lib.rs:65] Attempted to notify uninitialized App
INFO  2022-10-30T20:55:00.423 op_executor:invocation_loop(ThreadId(33)) [1P:native-messaging/op-nm-installer/src/nix_utils.rs:68] Created NMH manifest at /home/$USER/.config/google-chrome/NativeMessagingHosts/com.1password.1password.json
INFO  2022-10-30T20:55:00.423 op_executor:invocation_loop(ThreadId(33)) [1P:native-messaging/op-nm-installer/src/nix_utils.rs:68] Created NMH manifest at /home/$USER/.config/google-chrome-beta/NativeMessagingHosts/com.1password.1password.json
INFO  2022-10-30T20:55:00.423 op_executor:invocation_loop(ThreadId(33)) [1P:native-messaging/op-nm-installer/src/nix_utils.rs:68] Created NMH manifest at /home/$USER/.config/google-chrome-unstable/NativeMessagingHosts/com.1password.1password.json
INFO  2022-10-30T20:55:00.423 op_executor:invocation_loop(ThreadId(33)) [1P:native-messaging/op-nm-installer/src/nix_utils.rs:68] Created NMH manifest at /home/$USER/.config/chromium/NativeMessagingHosts/com.1password.1password.json
INFO  2022-10-30T20:55:00.423 op_executor:invocation_loop(ThreadId(33)) [1P:native-messaging/op-nm-installer/src/nix_utils.rs:68] Created NMH manifest at /home/$USER/.config/microsoft-edge-dev/NativeMessagingHosts/com.1password.1password.json
INFO  2022-10-30T20:55:00.423 op_executor:invocation_loop(ThreadId(33)) [1P:native-messaging/op-nm-installer/src/nix_utils.rs:68] Created NMH manifest at /home/$USER/.config/BraveSoftware/Brave-Browser/NativeMessagingHosts/com.1password.1password.json
INFO  2022-10-30T20:55:00.424 op_executor:invocation_loop(ThreadId(33)) [1P:native-messaging/op-nm-installer/src/nix_utils.rs:68] Created NMH manifest at /home/$USER/.config/vivaldi/NativeMessagingHosts/com.1password.1password.json
INFO  2022-10-30T20:55:00.424 op_executor:invocation_loop(ThreadId(33)) [1P:native-messaging/op-nm-installer/src/nix_utils.rs:68] Created NMH manifest at /home/$USER/.config/vivaldi-snapshot/NativeMessagingHosts/com.1password.1password.json
INFO  2022-10-30T20:55:00.424 op_executor:invocation_loop(ThreadId(33)) [1P:native-messaging/op-nm-installer/src/nix_utils.rs:68] Created NMH manifest at /home/$USER/.mozilla/native-messaging-hosts/com.1password.1password.json
INFO  2022-10-30T20:55:00.424 op_executor:invocation_loop(ThreadId(33)) [1P:native-messaging/op-nm-installer/src/nix_utils.rs:83] Successfully installed all native messaging manifests.
INFO  2022-10-30T20:55:56.622 tokio-runtime-worker(ThreadId(1)) [1P:native-messaging/op-native-core-integration/src/lib.rs:305] Extension connecting.
INFO  2022-10-30T20:55:56.622 tokio-runtime-worker(ThreadId(1)) [1P:native-messaging/op-native-core-integration/src/lib.rs:307] Extension connection accepted.
ERROR 2022-10-30T23:04:11.872 tokio-runtime-worker(ThreadId(1)) [1P:native-messaging/op-native-core-integration/src/connection_handler.rs:60] message from b5x was None: EndConnection
ERROR 2022-10-30T23:04:11.872 tokio-runtime-worker(ThreadId(1)) [1P:native-messaging/op-native-core-integration/src/connection_handler.rs:31] Dropping connection with b5x due to error handling incoming message: EndConnection
INFO  2022-10-30T23:04:16.693 op_executor:invocation_loop(ThreadId(33)) [1P:op-app/src/app/backend/frontend.rs:66] Front end event: app will quit
