INFO  2022-11-03T13:58:44.520 ThreadId(26) [client:typescript] Client starting.
INFO  2022-11-03T13:58:44.572 tokio-runtime-worker(ThreadId(23)) [1P:native-messaging/op-native-core-integration/src/lib.rs:281] Starting IPC listener on 1Password-BrowserSupport
INFO  2022-11-03T13:58:44.572 ThreadId(26) [1P:op-localization/src/lib.rs:241] system locale detected as 'en_US'
INFO  2022-11-03T13:58:44.572 tokio-runtime-worker(ThreadId(23)) [1P:native-messaging/op-native-core-integration/src/lib.rs:293] Active native core integration is awaiting messages
INFO  2022-11-03T13:58:44.572 ThreadId(26) [1P:op-localization/src/lib.rs:267] selected translations for EN_US based on detected locale en-US
INFO  2022-11-03T13:58:44.572 ThreadId(26) [status:op-app/src/app.rs:401] App::new(1Password for Linux/80908009 (EN_US), /home/$USER/.config/1Password/1password.sqlite)
INFO  2022-11-03T13:58:44.574 ThreadId(26) [1P:op-db/src/db.rs:120] Starting DB at version: 25
INFO  2022-11-03T13:58:44.598 ThreadId(26) [1P:op-db/src/db.rs:893] Updated DB Schema to version 026
ERROR 2022-11-03T13:58:44.623 ThreadId(26) [1P:op-app/src/app.rs:481] Failed to read password expiry duration setting: Error("EOF while parsing a value", line: 1, column: 0)
INFO  2022-11-03T13:58:44.629 ThreadId(26) [1P:ssh/op-ssh-config/src/lib.rs:224] agent not configured
ERROR 2022-11-03T13:58:44.629 ThreadId(26) [1P:ffi/op-core-node/src/lib.rs:66] Attempted to notify uninitialized App
INFO  2022-11-03T13:58:44.630 op_executor:invocation_loop(ThreadId(33)) [1P:native-messaging/op-nm-installer/src/nix_utils.rs:68] Created NMH manifest at /home/$USER/.config/google-chrome/NativeMessagingHosts/com.1password.1password.json
INFO  2022-11-03T13:58:44.630 op_executor:invocation_loop(ThreadId(33)) [1P:native-messaging/op-nm-installer/src/nix_utils.rs:68] Created NMH manifest at /home/$USER/.config/google-chrome-beta/NativeMessagingHosts/com.1password.1password.json
INFO  2022-11-03T13:58:44.630 op_executor:invocation_loop(ThreadId(33)) [1P:native-messaging/op-nm-installer/src/nix_utils.rs:68] Created NMH manifest at /home/$USER/.config/google-chrome-unstable/NativeMessagingHosts/com.1password.1password.json
INFO  2022-11-03T13:58:44.630 op_executor:invocation_loop(ThreadId(33)) [1P:native-messaging/op-nm-installer/src/nix_utils.rs:68] Created NMH manifest at /home/$USER/.config/chromium/NativeMessagingHosts/com.1password.1password.json
INFO  2022-11-03T13:58:44.630 op_executor:invocation_loop(ThreadId(33)) [1P:native-messaging/op-nm-installer/src/nix_utils.rs:68] Created NMH manifest at /home/$USER/.config/microsoft-edge-dev/NativeMessagingHosts/com.1password.1password.json
INFO  2022-11-03T13:58:44.630 op_executor:invocation_loop(ThreadId(33)) [1P:native-messaging/op-nm-installer/src/nix_utils.rs:68] Created NMH manifest at /home/$USER/.config/BraveSoftware/Brave-Browser/NativeMessagingHosts/com.1password.1password.json
INFO  2022-11-03T13:58:44.630 op_executor:invocation_loop(ThreadId(33)) [1P:native-messaging/op-nm-installer/src/nix_utils.rs:68] Created NMH manifest at /home/$USER/.config/vivaldi/NativeMessagingHosts/com.1password.1password.json
INFO  2022-11-03T13:58:44.630 op_executor:invocation_loop(ThreadId(33)) [1P:native-messaging/op-nm-installer/src/nix_utils.rs:68] Created NMH manifest at /home/$USER/.config/vivaldi-snapshot/NativeMessagingHosts/com.1password.1password.json
INFO  2022-11-03T13:58:44.630 op_executor:invocation_loop(ThreadId(33)) [1P:native-messaging/op-nm-installer/src/nix_utils.rs:68] Created NMH manifest at /home/$USER/.mozilla/native-messaging-hosts/com.1password.1password.json
INFO  2022-11-03T13:58:44.630 op_executor:invocation_loop(ThreadId(33)) [1P:native-messaging/op-nm-installer/src/nix_utils.rs:83] Successfully installed all native messaging manifests.
ERROR 2022-11-03T13:58:44.658 tokio-runtime-worker(ThreadId(5)) [1P:op-app/src/app/backend/watchtower.rs:228] RequestError(IoError(IoError(error sending request for url (<redacted URL>): error trying to connect: dns error: failed to lookup address information: Temporary failure in name resolution)))
ERROR 2022-11-03T13:58:44.658 tokio-runtime-worker(ThreadId(5)) [1P:op-app/src/app/backend/watchtower.rs:229] RequestError(IoError(IoError(error sending request for url (<redacted URL>): error trying to connect: dns error: failed to lookup address information: Temporary failure in name resolution)))
INFO  2022-11-03T13:58:54.472 tokio-runtime-worker(ThreadId(23)) [1P:op-data-layer/src/load.rs:97] loaded 41 items in 3 vaults for account: VYXXEDNCLRBCROW5BT5PCWTVHM
ERROR 2022-11-03T13:58:54.473 op_executor:invocation_loop(ThreadId(33)) [1P:op-auto-lock/src/linux.rs:206] Could not connect to the X server: XcbEventError
INFO  2022-11-03T13:58:54.473 op_executor:invocation_loop(ThreadId(33)) [1P:op-app/src/app/backend/unlock.rs:123] Lock state changed: Unlocked
ERROR 2022-11-03T13:58:54.736 tokio-runtime-worker(ThreadId(4)) [1P:op-ui/src/icon_types.rs:310] Unable to fetch resource for item i2kxs56227q5nbfggpokdpqsum (Size: List, Scale: TwoX), resource likely not found
INFO  2022-11-03T13:58:55.775 tokio-runtime-worker(ThreadId(5)) [1P:data/op-account-ext-syncer/src/lib.rs:187] The B5 Notifier for (VYXXEDNCLRBCROW5BT5PCWTVHM) has connected, now monitoring for events.
INFO  2022-11-03T13:58:55.840 tokio-runtime-worker(ThreadId(5)) [1P:op-syncer/src/sync_job.rs:291] synced account VYXXEDNCLRBCROW5BT5PCWTVHM (0.516861568s)
INFO  2022-11-03T13:58:55.841 tokio-runtime-worker(ThreadId(5)) [1P:data/op-file-transfer/src/lib.rs:561] find_and_complete_pending_uploads: 'VYXXEDNCLRBCROW5BT5PCWTVHM'
ERROR 2022-11-03T13:58:55.849 tokio-runtime-worker(ThreadId(21)) [1P:op-ui/src/icon_types.rs:310] Unable to fetch resource for item ucuez6dszab2owqdyhatrm4b5i (Size: List, Scale: TwoX), resource likely not found
ERROR 2022-11-03T13:58:55.849 tokio-runtime-worker(ThreadId(21)) [1P:op-ui/src/icon_types.rs:310] Unable to fetch resource for item q52yymgne4ge3oncn6phokpyl4 (Size: List, Scale: TwoX), resource likely not found
ERROR 2022-11-03T13:58:55.849 tokio-runtime-worker(ThreadId(21)) [1P:op-ui/src/icon_types.rs:310] Unable to fetch resource for item i2kxs56227q5nbfggpokdpqsum (Size: List, Scale: TwoX), resource likely not found
ERROR 2022-11-03T13:58:55.849 tokio-runtime-worker(ThreadId(21)) [1P:op-ui/src/icon_types.rs:310] Unable to fetch resource for item wco6vjljirrw7hxqy7u4lny6mq (Size: List, Scale: TwoX), resource likely not found
INFO  2022-11-03T13:59:56.418 op_executor:invocation_loop(ThreadId(33)) [1P:op-app/src/app/backend/frontend.rs:27] Front end event: window closed
INFO  2022-11-03T14:00:01.781 tokio-runtime-worker(ThreadId(4)) [1P:native-messaging/op-native-core-integration/src/lib.rs:305] Extension connecting.
INFO  2022-11-03T14:00:01.781 tokio-runtime-worker(ThreadId(4)) [1P:native-messaging/op-native-core-integration/src/lib.rs:307] Extension connection accepted.
