INFO  2022-11-08T07:02:44.025 ThreadId(26) [client:typescript] Client starting.
INFO  2022-11-08T07:02:44.119 tokio-runtime-worker(ThreadId(11)) [1P:native-messaging/op-native-core-integration/src/lib.rs:281] Starting IPC listener on 1Password-BrowserSupport
INFO  2022-11-08T07:02:44.119 ThreadId(26) [1P:op-localization/src/lib.rs:241] system locale detected as 'en_US'
INFO  2022-11-08T07:02:44.119 ThreadId(26) [1P:op-localization/src/lib.rs:267] selected translations for EN_US based on detected locale en-US
INFO  2022-11-08T07:02:44.119 ThreadId(26) [status:op-app/src/app.rs:401] App::new(1Password for Linux/80908009 (EN_US), /home/$USER/.config/1Password/1password.sqlite)
INFO  2022-11-08T07:02:44.120 ThreadId(26) [1P:op-db/src/db.rs:120] Starting DB at version: 26
INFO  2022-11-08T07:02:44.120 tokio-runtime-worker(ThreadId(4)) [1P:native-messaging/op-native-core-integration/src/lib.rs:293] Active native core integration is awaiting messages
INFO  2022-11-08T07:02:44.121 ThreadId(26) [1P:ssh/op-ssh-config/src/lib.rs:224] agent not configured
ERROR 2022-11-08T07:02:44.121 ThreadId(26) [1P:ffi/op-core-node/src/lib.rs:66] Attempted to notify uninitialized App
INFO  2022-11-08T07:02:44.121 op_executor:invocation_loop(ThreadId(33)) [1P:native-messaging/op-nm-installer/src/nix_utils.rs:68] Created NMH manifest at /home/$USER/.config/google-chrome/NativeMessagingHosts/com.1password.1password.json
INFO  2022-11-08T07:02:44.121 op_executor:invocation_loop(ThreadId(33)) [1P:native-messaging/op-nm-installer/src/nix_utils.rs:68] Created NMH manifest at /home/$USER/.config/google-chrome-beta/NativeMessagingHosts/com.1password.1password.json
INFO  2022-11-08T07:02:44.121 op_executor:invocation_loop(ThreadId(33)) [1P:native-messaging/op-nm-installer/src/nix_utils.rs:68] Created NMH manifest at /home/$USER/.config/google-chrome-unstable/NativeMessagingHosts/com.1password.1password.json
INFO  2022-11-08T07:02:44.121 op_executor:invocation_loop(ThreadId(33)) [1P:native-messaging/op-nm-installer/src/nix_utils.rs:68] Created NMH manifest at /home/$USER/.config/chromium/NativeMessagingHosts/com.1password.1password.json
INFO  2022-11-08T07:02:44.121 op_executor:invocation_loop(ThreadId(33)) [1P:native-messaging/op-nm-installer/src/nix_utils.rs:68] Created NMH manifest at /home/$USER/.config/microsoft-edge-dev/NativeMessagingHosts/com.1password.1password.json
INFO  2022-11-08T07:02:44.121 op_executor:invocation_loop(ThreadId(33)) [1P:native-messaging/op-nm-installer/src/nix_utils.rs:68] Created NMH manifest at /home/$USER/.config/BraveSoftware/Brave-Browser/NativeMessagingHosts/com.1password.1password.json
INFO  2022-11-08T07:02:44.121 op_executor:invocation_loop(ThreadId(33)) [1P:native-messaging/op-nm-installer/src/nix_utils.rs:68] Created NMH manifest at /home/$USER/.config/vivaldi/NativeMessagingHosts/com.1password.1password.json
INFO  2022-11-08T07:02:44.121 op_executor:invocation_loop(ThreadId(33)) [1P:native-messaging/op-nm-installer/src/nix_utils.rs:68] Created NMH manifest at /home/$USER/.config/vivaldi-snapshot/NativeMessagingHosts/com.1password.1password.json
INFO  2022-11-08T07:02:44.121 op_executor:invocation_loop(ThreadId(33)) [1P:native-messaging/op-nm-installer/src/nix_utils.rs:68] Created NMH manifest at /home/$USER/.mozilla/native-messaging-hosts/com.1password.1password.json
INFO  2022-11-08T07:02:44.121 op_executor:invocation_loop(ThreadId(33)) [1P:native-messaging/op-nm-installer/src/nix_utils.rs:83] Successfully installed all native messaging manifests.
INFO  2022-11-08T07:09:50.002 tokio-runtime-worker(ThreadId(5)) [1P:native-messaging/op-native-core-integration/src/lib.rs:305] Extension connecting.
INFO  2022-11-08T07:09:50.002 tokio-runtime-worker(ThreadId(5)) [1P:native-messaging/op-native-core-integration/src/lib.rs:307] Extension connection accepted.
INFO  2022-11-08T09:29:09.306 tokio-runtime-worker(ThreadId(14)) [1P:op-app/src/app/backend/unlock.rs:284] System unlock was attempted but we cannot use it.
INFO  2022-11-08T09:29:09.306 tokio-runtime-worker(ThreadId(5)) [1P:op-app/src/app/backend/unlock.rs:284] System unlock was attempted but we cannot use it.
INFO  2022-11-08T09:29:13.973 tokio-runtime-worker(ThreadId(27)) [1P:op-data-layer/src/load.rs:97] loaded 50 items in 3 vaults for account: VYXXEDNCLRBCROW5BT5PCWTVHM
ERROR 2022-11-08T09:29:13.974 op_executor:invocation_loop(ThreadId(33)) [1P:op-auto-lock/src/linux.rs:206] Could not connect to the X server: XcbEventError
INFO  2022-11-08T09:29:13.974 op_executor:invocation_loop(ThreadId(33)) [1P:op-app/src/app/backend/unlock.rs:123] Lock state changed: Unlocked
INFO  2022-11-08T09:29:13.979 op_executor:invocation_loop(ThreadId(33)) [1P:op-app/src/app/backend/frontend.rs:27] Front end event: window closed
INFO  2022-11-08T09:29:15.063 tokio-runtime-worker(ThreadId(4)) [1P:op-syncer/src/sync_job.rs:291] synced account VYXXEDNCLRBCROW5BT5PCWTVHM (0.217651089s)
INFO  2022-11-08T09:29:15.063 tokio-runtime-worker(ThreadId(4)) [1P:data/op-file-transfer/src/lib.rs:561] find_and_complete_pending_uploads: 'VYXXEDNCLRBCROW5BT5PCWTVHM'
INFO  2022-11-08T09:29:15.256 tokio-runtime-worker(ThreadId(27)) [1P:data/op-account-ext-syncer/src/lib.rs:187] The B5 Notifier for (VYXXEDNCLRBCROW5BT5PCWTVHM) has connected, now monitoring for events.
WARN  2022-11-08T10:57:55.603 tokio-runtime-worker(ThreadId(27)) [1P:data/op-account-ext-syncer/src/lib.rs:178] The B5 Notifier for (VYXXEDNCLRBCROW5BT5PCWTVHM) has disconnected.
INFO  2022-11-08T10:57:58.721 tokio-runtime-worker(ThreadId(4)) [1P:data/op-account-ext-syncer/src/lib.rs:187] The B5 Notifier for (VYXXEDNCLRBCROW5BT5PCWTVHM) has connected, now monitoring for events.
WARN  2022-11-08T11:02:25.697 tokio-runtime-worker(ThreadId(4)) [1P:data/op-account-ext-syncer/src/lib.rs:178] The B5 Notifier for (VYXXEDNCLRBCROW5BT5PCWTVHM) has disconnected.
INFO  2022-11-08T11:02:44.558 tokio-runtime-worker(ThreadId(27)) [1P:data/op-account-ext-syncer/src/lib.rs:187] The B5 Notifier for (VYXXEDNCLRBCROW5BT5PCWTVHM) has connected, now monitoring for events.
WARN  2022-11-08T11:10:30.244 tokio-runtime-worker(ThreadId(27)) [1P:data/op-account-ext-syncer/src/lib.rs:178] The B5 Notifier for (VYXXEDNCLRBCROW5BT5PCWTVHM) has disconnected.
INFO  2022-11-08T11:10:38.610 tokio-runtime-worker(ThreadId(4)) [1P:data/op-account-ext-syncer/src/lib.rs:187] The B5 Notifier for (VYXXEDNCLRBCROW5BT5PCWTVHM) has connected, now monitoring for events.
INFO  2022-11-08T14:23:41.959 tokio-runtime-worker(ThreadId(11)) [1P:op-syncer/src/sync_job.rs:291] synced account VYXXEDNCLRBCROW5BT5PCWTVHM (1.626616767s)
INFO  2022-11-08T14:23:57.812 tokio-runtime-worker(ThreadId(11)) [1P:op-syncer/src/sync_job.rs:291] synced account VYXXEDNCLRBCROW5BT5PCWTVHM (0.401649648s)
INFO  2022-11-08T14:25:04.949 op_executor:invocation_loop(ThreadId(33)) [1P:op-app/src/app/backend/frontend.rs:27] Front end event: window closed
ERROR 2022-11-08T14:30:01.318 tokio-runtime-worker(ThreadId(27)) [1P:native-messaging/op-native-core-integration/src/connection_handler.rs:60] message from b5x was None: EndConnection
ERROR 2022-11-08T14:30:01.318 tokio-runtime-worker(ThreadId(27)) [1P:native-messaging/op-native-core-integration/src/connection_handler.rs:31] Dropping connection with b5x due to error handling incoming message: EndConnection
ERROR 2022-11-08T14:30:07.001 ThreadId(26) [client:typescript] Attempted to update the window state after it was destroyed. Caused by app before-quit event.
INFO  2022-11-08T14:30:07.007 op_executor:invocation_loop(ThreadId(33)) [1P:op-app/src/app/backend/frontend.rs:71] Front end event: app will quit
