INFO  2022-11-03T20:42:08.436 ThreadId(26) [client:typescript] Client starting.
INFO  2022-11-03T20:42:08.541 tokio-runtime-worker(ThreadId(3)) [1P:native-messaging/op-native-core-integration/src/lib.rs:281] Starting IPC listener on 1Password-BrowserSupport
INFO  2022-11-03T20:42:08.541 ThreadId(26) [1P:op-localization/src/lib.rs:241] system locale detected as 'en_US'
INFO  2022-11-03T20:42:08.541 ThreadId(26) [1P:op-localization/src/lib.rs:267] selected translations for EN_US based on detected locale en-US
INFO  2022-11-03T20:42:08.541 tokio-runtime-worker(ThreadId(3)) [1P:native-messaging/op-native-core-integration/src/lib.rs:293] Active native core integration is awaiting messages
INFO  2022-11-03T20:42:08.541 ThreadId(26) [status:op-app/src/app.rs:401] App::new(1Password for Linux/80908009 (EN_US), /home/$USER/.config/1Password/1password.sqlite)
INFO  2022-11-03T20:42:08.543 ThreadId(26) [1P:op-db/src/db.rs:120] Starting DB at version: 26
INFO  2022-11-03T20:42:08.545 ThreadId(26) [1P:ssh/op-ssh-config/src/lib.rs:224] agent not configured
ERROR 2022-11-03T20:42:08.545 ThreadId(26) [1P:ffi/op-core-node/src/lib.rs:66] Attempted to notify uninitialized App
INFO  2022-11-03T20:42:08.546 op_executor:invocation_loop(ThreadId(33)) [1P:native-messaging/op-nm-installer/src/nix_utils.rs:68] Created NMH manifest at /home/$USER/.config/google-chrome/NativeMessagingHosts/com.1password.1password.json
INFO  2022-11-03T20:42:08.546 op_executor:invocation_loop(ThreadId(33)) [1P:native-messaging/op-nm-installer/src/nix_utils.rs:68] Created NMH manifest at /home/$USER/.config/google-chrome-beta/NativeMessagingHosts/com.1password.1password.json
INFO  2022-11-03T20:42:08.546 op_executor:invocation_loop(ThreadId(33)) [1P:native-messaging/op-nm-installer/src/nix_utils.rs:68] Created NMH manifest at /home/$USER/.config/google-chrome-unstable/NativeMessagingHosts/com.1password.1password.json
INFO  2022-11-03T20:42:08.546 op_executor:invocation_loop(ThreadId(33)) [1P:native-messaging/op-nm-installer/src/nix_utils.rs:68] Created NMH manifest at /home/$USER/.config/chromium/NativeMessagingHosts/com.1password.1password.json
INFO  2022-11-03T20:42:08.546 op_executor:invocation_loop(ThreadId(33)) [1P:native-messaging/op-nm-installer/src/nix_utils.rs:68] Created NMH manifest at /home/$USER/.config/microsoft-edge-dev/NativeMessagingHosts/com.1password.1password.json
INFO  2022-11-03T20:42:08.546 op_executor:invocation_loop(ThreadId(33)) [1P:native-messaging/op-nm-installer/src/nix_utils.rs:68] Created NMH manifest at /home/$USER/.config/BraveSoftware/Brave-Browser/NativeMessagingHosts/com.1password.1password.json
INFO  2022-11-03T20:42:08.546 op_executor:invocation_loop(ThreadId(33)) [1P:native-messaging/op-nm-installer/src/nix_utils.rs:68] Created NMH manifest at /home/$USER/.config/vivaldi/NativeMessagingHosts/com.1password.1password.json
INFO  2022-11-03T20:42:08.546 op_executor:invocation_loop(ThreadId(33)) [1P:native-messaging/op-nm-installer/src/nix_utils.rs:68] Created NMH manifest at /home/$USER/.config/vivaldi-snapshot/NativeMessagingHosts/com.1password.1password.json
INFO  2022-11-03T20:42:08.546 op_executor:invocation_loop(ThreadId(33)) [1P:native-messaging/op-nm-installer/src/nix_utils.rs:68] Created NMH manifest at /home/$USER/.mozilla/native-messaging-hosts/com.1password.1password.json
INFO  2022-11-03T20:42:08.546 op_executor:invocation_loop(ThreadId(33)) [1P:native-messaging/op-nm-installer/src/nix_utils.rs:83] Successfully installed all native messaging manifests.
INFO  2022-11-03T20:43:12.905 tokio-runtime-worker(ThreadId(4)) [1P:native-messaging/op-native-core-integration/src/lib.rs:305] Extension connecting.
INFO  2022-11-03T20:43:12.905 tokio-runtime-worker(ThreadId(4)) [1P:native-messaging/op-native-core-integration/src/lib.rs:307] Extension connection accepted.
ERROR 2022-11-03T20:50:08.806 tokio-runtime-worker(ThreadId(4)) [1P:native-messaging/op-native-core-integration/src/connection_handler.rs:60] message from b5x was None: EndConnection
ERROR 2022-11-03T20:50:08.806 tokio-runtime-worker(ThreadId(4)) [1P:native-messaging/op-native-core-integration/src/connection_handler.rs:31] Dropping connection with b5x due to error handling incoming message: EndConnection
INFO  2022-11-03T20:50:12.950 op_executor:invocation_loop(ThreadId(33)) [1P:op-app/src/app/backend/frontend.rs:71] Front end event: app will quit
ERROR 2022-11-03T20:50:12.956 tokio-runtime-worker(ThreadId(5)) [1P:op-app/src/app/shutdown.rs:36] ClipboardError(An unknown error occured during a clipboard operation)
