INFO  2022-11-01T06:12:26.408 ThreadId(26) [client:typescript] Client starting.
INFO  2022-11-01T06:12:26.460 tokio-runtime-worker(ThreadId(14)) [1P:native-messaging/op-native-core-integration/src/lib.rs:281] Starting IPC listener on 1Password-BrowserSupport
INFO  2022-11-01T06:12:26.460 ThreadId(26) [1P:op-localization/src/lib.rs:236] system locale detected as 'en_US'
INFO  2022-11-01T06:12:26.460 ThreadId(26) [1P:op-localization/src/lib.rs:262] selected translations for EN_US based on detected locale en-US
INFO  2022-11-01T06:12:26.460 ThreadId(26) [status:op-app/src/app.rs:387] App::new(1Password for Linux/80904044 (EN_US), /home/$USER/.config/1Password/1password.sqlite)
INFO  2022-11-01T06:12:26.460 tokio-runtime-worker(ThreadId(14)) [1P:native-messaging/op-native-core-integration/src/lib.rs:293] Active native core integration is awaiting messages
INFO  2022-11-01T06:12:26.461 ThreadId(26) [1P:op-db/src/db.rs:120] Starting DB at version: 25
INFO  2022-11-01T06:12:26.464 ThreadId(26) [1P:ssh/op-ssh-config/src/lib.rs:231] agent not configured
ERROR 2022-11-01T06:12:26.464 ThreadId(26) [1P:ffi/core-node/src/lib.rs:65] Attempted to notify uninitialized App
INFO  2022-11-01T06:12:26.464 op_executor:invocation_loop(ThreadId(33)) [1P:native-messaging/op-nm-installer/src/nix_utils.rs:68] Created NMH manifest at /home/$USER/.config/google-chrome/NativeMessagingHosts/com.1password.1password.json
INFO  2022-11-01T06:12:26.464 op_executor:invocation_loop(ThreadId(33)) [1P:native-messaging/op-nm-installer/src/nix_utils.rs:68] Created NMH manifest at /home/$USER/.config/google-chrome-beta/NativeMessagingHosts/com.1password.1password.json
INFO  2022-11-01T06:12:26.464 op_executor:invocation_loop(ThreadId(33)) [1P:native-messaging/op-nm-installer/src/nix_utils.rs:68] Created NMH manifest at /home/$USER/.config/google-chrome-unstable/NativeMessagingHosts/com.1password.1password.json
INFO  2022-11-01T06:12:26.464 op_executor:invocation_loop(ThreadId(33)) [1P:native-messaging/op-nm-installer/src/nix_utils.rs:68] Created NMH manifest at /home/$USER/.config/chromium/NativeMessagingHosts/com.1password.1password.json
INFO  2022-11-01T06:12:26.464 op_executor:invocation_loop(ThreadId(33)) [1P:native-messaging/op-nm-installer/src/nix_utils.rs:68] Created NMH manifest at /home/$USER/.config/microsoft-edge-dev/NativeMessagingHosts/com.1password.1password.json
INFO  2022-11-01T06:12:26.464 op_executor:invocation_loop(ThreadId(33)) [1P:native-messaging/op-nm-installer/src/nix_utils.rs:68] Created NMH manifest at /home/$USER/.config/BraveSoftware/Brave-Browser/NativeMessagingHosts/com.1password.1password.json
INFO  2022-11-01T06:12:26.464 op_executor:invocation_loop(ThreadId(33)) [1P:native-messaging/op-nm-installer/src/nix_utils.rs:68] Created NMH manifest at /home/$USER/.config/vivaldi/NativeMessagingHosts/com.1password.1password.json
INFO  2022-11-01T06:12:26.464 op_executor:invocation_loop(ThreadId(33)) [1P:native-messaging/op-nm-installer/src/nix_utils.rs:68] Created NMH manifest at /home/$USER/.config/vivaldi-snapshot/NativeMessagingHosts/com.1password.1password.json
INFO  2022-11-01T06:12:26.464 op_executor:invocation_loop(ThreadId(33)) [1P:native-messaging/op-nm-installer/src/nix_utils.rs:68] Created NMH manifest at /home/$USER/.mozilla/native-messaging-hosts/com.1password.1password.json
INFO  2022-11-01T06:12:26.464 op_executor:invocation_loop(ThreadId(33)) [1P:native-messaging/op-nm-installer/src/nix_utils.rs:83] Successfully installed all native messaging manifests.
INFO  2022-11-01T06:12:37.118 tokio-runtime-worker(ThreadId(3)) [1P:native-messaging/op-native-core-integration/src/lib.rs:305] Extension connecting.
INFO  2022-11-01T06:12:37.118 tokio-runtime-worker(ThreadId(3)) [1P:native-messaging/op-native-core-integration/src/lib.rs:307] Extension connection accepted.
INFO  2022-11-01T07:01:59.972 tokio-runtime-worker(ThreadId(16)) [1P:op-app/src/app/backend/unlock.rs:269] System unlock was attempted but we cannot use it.
INFO  2022-11-01T07:01:59.972 tokio-runtime-worker(ThreadId(19)) [1P:op-app/src/app/backend/unlock.rs:269] System unlock was attempted but we cannot use it.
INFO  2022-11-01T07:02:06.157 tokio-runtime-worker(ThreadId(16)) [1P:op-data-layer/src/load.rs:149] loaded 39 items in 3 vaults for account: VYXXEDNCLRBCROW5BT5PCWTVHM
ERROR 2022-11-01T07:02:06.159 op_executor:invocation_loop(ThreadId(33)) [1P:op-auto-lock/src/linux.rs:206] Could not connect to the X server: XcbEventError
INFO  2022-11-01T07:02:06.159 op_executor:invocation_loop(ThreadId(33)) [1P:op-app/src/app/backend/unlock.rs:110] Lock state changed: Unlocked
INFO  2022-11-01T07:02:06.164 op_executor:invocation_loop(ThreadId(33)) [1P:op-app/src/app/backend/frontend.rs:27] Front end event: window closed
INFO  2022-11-01T07:02:07.575 tokio-runtime-worker(ThreadId(14)) [1P:op-syncer/src/sync_job.rs:285] synced account VYXXEDNCLRBCROW5BT5PCWTVHM (0.109060898s)
INFO  2022-11-01T07:02:07.575 tokio-runtime-worker(ThreadId(14)) [1P:op-data-layer/src/file.rs:613] find_and_complete_pending_uploads: 'VYXXEDNCLRBCROW5BT5PCWTVHM'
INFO  2022-11-01T07:02:07.953 tokio-runtime-worker(ThreadId(14)) [1P:op-data-layer/src/sync.rs:330] The B5 Notifier for (VYXXEDNCLRBCROW5BT5PCWTVHM) has connected, now monitoring for events.
WARN  2022-11-01T07:31:13.266 tokio-runtime-worker(ThreadId(23)) [1P:op-data-layer/src/sync.rs:321] The B5 Notifier for (VYXXEDNCLRBCROW5BT5PCWTVHM) has disconnected.
INFO  2022-11-01T07:31:42.865 tokio-runtime-worker(ThreadId(14)) [1P:op-data-layer/src/sync.rs:330] The B5 Notifier for (VYXXEDNCLRBCROW5BT5PCWTVHM) has connected, now monitoring for events.
INFO  2022-11-01T10:38:09.467 tokio-runtime-worker(ThreadId(16)) [1P:op-syncer/src/sync_job.rs:285] synced account VYXXEDNCLRBCROW5BT5PCWTVHM (0.614206568s)
ERROR 2022-11-01T11:44:13.782 tokio-runtime-worker(ThreadId(23)) [1P:native-messaging/op-native-core-integration/src/connection_handler.rs:60] message from b5x was None: EndConnection
ERROR 2022-11-01T11:44:13.782 tokio-runtime-worker(ThreadId(23)) [1P:native-messaging/op-native-core-integration/src/connection_handler.rs:31] Dropping connection with b5x due to error handling incoming message: EndConnection
