INFO  2022-11-04T11:59:07.182 ThreadId(26) [client:typescript] Client starting.
INFO  2022-11-04T11:59:07.232 tokio-runtime-worker(ThreadId(11)) [1P:native-messaging/op-native-core-integration/src/lib.rs:281] Starting IPC listener on 1Password-BrowserSupport
INFO  2022-11-04T11:59:07.233 ThreadId(26) [1P:op-localization/src/lib.rs:241] system locale detected as 'en_US'
INFO  2022-11-04T11:59:07.233 ThreadId(26) [1P:op-localization/src/lib.rs:267] selected translations for EN_US based on detected locale en-US
INFO  2022-11-04T11:59:07.233 tokio-runtime-worker(ThreadId(5)) [1P:native-messaging/op-native-core-integration/src/lib.rs:293] Active native core integration is awaiting messages
INFO  2022-11-04T11:59:07.233 ThreadId(26) [status:op-app/src/app.rs:401] App::new(1Password for Linux/80908009 (EN_US), /home/$USER/.config/1Password/1password.sqlite)
INFO  2022-11-04T11:59:07.235 ThreadId(26) [1P:op-db/src/db.rs:120] Starting DB at version: 26
INFO  2022-11-04T11:59:07.237 ThreadId(26) [1P:ssh/op-ssh-config/src/lib.rs:224] agent not configured
ERROR 2022-11-04T11:59:07.237 ThreadId(26) [1P:ffi/op-core-node/src/lib.rs:66] Attempted to notify uninitialized App
INFO  2022-11-04T11:59:07.238 op_executor:invocation_loop(ThreadId(33)) [1P:native-messaging/op-nm-installer/src/nix_utils.rs:68] Created NMH manifest at /home/$USER/.config/google-chrome/NativeMessagingHosts/com.1password.1password.json
INFO  2022-11-04T11:59:07.238 op_executor:invocation_loop(ThreadId(33)) [1P:native-messaging/op-nm-installer/src/nix_utils.rs:68] Created NMH manifest at /home/$USER/.config/google-chrome-beta/NativeMessagingHosts/com.1password.1password.json
INFO  2022-11-04T11:59:07.238 op_executor:invocation_loop(ThreadId(33)) [1P:native-messaging/op-nm-installer/src/nix_utils.rs:68] Created NMH manifest at /home/$USER/.config/google-chrome-unstable/NativeMessagingHosts/com.1password.1password.json
INFO  2022-11-04T11:59:07.238 op_executor:invocation_loop(ThreadId(33)) [1P:native-messaging/op-nm-installer/src/nix_utils.rs:68] Created NMH manifest at /home/$USER/.config/chromium/NativeMessagingHosts/com.1password.1password.json
INFO  2022-11-04T11:59:07.238 op_executor:invocation_loop(ThreadId(33)) [1P:native-messaging/op-nm-installer/src/nix_utils.rs:68] Created NMH manifest at /home/$USER/.config/microsoft-edge-dev/NativeMessagingHosts/com.1password.1password.json
INFO  2022-11-04T11:59:07.238 op_executor:invocation_loop(ThreadId(33)) [1P:native-messaging/op-nm-installer/src/nix_utils.rs:68] Created NMH manifest at /home/$USER/.config/BraveSoftware/Brave-Browser/NativeMessagingHosts/com.1password.1password.json
INFO  2022-11-04T11:59:07.238 op_executor:invocation_loop(ThreadId(33)) [1P:native-messaging/op-nm-installer/src/nix_utils.rs:68] Created NMH manifest at /home/$USER/.config/vivaldi/NativeMessagingHosts/com.1password.1password.json
INFO  2022-11-04T11:59:07.238 op_executor:invocation_loop(ThreadId(33)) [1P:native-messaging/op-nm-installer/src/nix_utils.rs:68] Created NMH manifest at /home/$USER/.config/vivaldi-snapshot/NativeMessagingHosts/com.1password.1password.json
INFO  2022-11-04T11:59:07.238 op_executor:invocation_loop(ThreadId(33)) [1P:native-messaging/op-nm-installer/src/nix_utils.rs:68] Created NMH manifest at /home/$USER/.mozilla/native-messaging-hosts/com.1password.1password.json
INFO  2022-11-04T11:59:07.238 op_executor:invocation_loop(ThreadId(33)) [1P:native-messaging/op-nm-installer/src/nix_utils.rs:83] Successfully installed all native messaging manifests.
INFO  2022-11-04T11:59:50.305 tokio-runtime-worker(ThreadId(23)) [1P:native-messaging/op-native-core-integration/src/lib.rs:305] Extension connecting.
INFO  2022-11-04T11:59:50.305 tokio-runtime-worker(ThreadId(23)) [1P:native-messaging/op-native-core-integration/src/lib.rs:307] Extension connection accepted.
INFO  2022-11-04T12:12:02.094 tokio-runtime-worker(ThreadId(23)) [1P:native-messaging/op-native-core-integration/src/lib.rs:305] Extension connecting.
INFO  2022-11-04T12:12:02.094 tokio-runtime-worker(ThreadId(23)) [1P:native-messaging/op-native-core-integration/src/lib.rs:307] Extension connection accepted.
ERROR 2022-11-04T12:12:06.451 tokio-runtime-worker(ThreadId(1)) [1P:native-messaging/op-native-core-integration/src/connection_handler.rs:60] message from b5x was None: EndConnection
ERROR 2022-11-04T12:12:06.451 tokio-runtime-worker(ThreadId(1)) [1P:native-messaging/op-native-core-integration/src/connection_handler.rs:31] Dropping connection with b5x due to error handling incoming message: EndConnection
INFO  2022-11-04T12:12:06.676 tokio-runtime-worker(ThreadId(1)) [1P:native-messaging/op-native-core-integration/src/lib.rs:305] Extension connecting.
INFO  2022-11-04T12:12:06.676 tokio-runtime-worker(ThreadId(1)) [1P:native-messaging/op-native-core-integration/src/lib.rs:307] Extension connection accepted.
INFO  2022-11-04T12:12:08.975 tokio-runtime-worker(ThreadId(21)) [1P:op-app/src/app/backend/unlock.rs:284] System unlock was attempted but we cannot use it.
INFO  2022-11-04T12:12:08.975 tokio-runtime-worker(ThreadId(23)) [1P:op-app/src/app/backend/unlock.rs:284] System unlock was attempted but we cannot use it.
INFO  2022-11-04T12:12:14.592 tokio-runtime-worker(ThreadId(21)) [1P:op-data-layer/src/load.rs:97] loaded 43 items in 3 vaults for account: VYXXEDNCLRBCROW5BT5PCWTVHM
ERROR 2022-11-04T12:12:14.593 op_executor:invocation_loop(ThreadId(33)) [1P:op-auto-lock/src/linux.rs:206] Could not connect to the X server: XcbEventError
INFO  2022-11-04T12:12:14.593 op_executor:invocation_loop(ThreadId(33)) [1P:op-app/src/app/backend/unlock.rs:123] Lock state changed: Unlocked
INFO  2022-11-04T12:12:14.598 op_executor:invocation_loop(ThreadId(33)) [1P:op-app/src/app/backend/frontend.rs:27] Front end event: window closed
INFO  2022-11-04T12:12:16.545 tokio-runtime-worker(ThreadId(23)) [1P:op-syncer/src/sync_job.rs:291] synced account VYXXEDNCLRBCROW5BT5PCWTVHM (0.334634849s)
INFO  2022-11-04T12:12:16.545 tokio-runtime-worker(ThreadId(5)) [1P:data/op-file-transfer/src/lib.rs:561] find_and_complete_pending_uploads: 'VYXXEDNCLRBCROW5BT5PCWTVHM'
INFO  2022-11-04T12:12:16.614 tokio-runtime-worker(ThreadId(11)) [1P:data/op-account-ext-syncer/src/lib.rs:187] The B5 Notifier for (VYXXEDNCLRBCROW5BT5PCWTVHM) has connected, now monitoring for events.
INFO  2022-11-04T12:13:37.929 op_executor:invocation_loop(ThreadId(33)) [1P:op-app/src/app/backend/frontend.rs:27] Front end event: window closed
INFO  2022-11-04T12:16:34.031 tokio-runtime-worker(ThreadId(1)) [1P:op-syncer/src/sync_job.rs:291] synced account VYXXEDNCLRBCROW5BT5PCWTVHM (0.797264614s)
ERROR 2022-11-04T12:17:48.825 tokio-runtime-worker(ThreadId(5)) [1P:op-ui/src/icon_types.rs:310] Unable to fetch resource for item ucuez6dszab2owqdyhatrm4b5i (Size: List, Scale: TwoX), resource likely not found
ERROR 2022-11-04T12:17:48.825 tokio-runtime-worker(ThreadId(5)) [1P:op-ui/src/icon_types.rs:310] Unable to fetch resource for item q52yymgne4ge3oncn6phokpyl4 (Size: List, Scale: TwoX), resource likely not found
ERROR 2022-11-04T12:17:48.825 tokio-runtime-worker(ThreadId(5)) [1P:op-ui/src/icon_types.rs:310] Unable to fetch resource for item i2kxs56227q5nbfggpokdpqsum (Size: List, Scale: TwoX), resource likely not found
ERROR 2022-11-04T12:17:48.825 tokio-runtime-worker(ThreadId(5)) [1P:op-ui/src/icon_types.rs:310] Unable to fetch resource for item wco6vjljirrw7hxqy7u4lny6mq (Size: List, Scale: TwoX), resource likely not found
INFO  2022-11-04T12:18:18.261 tokio-runtime-worker(ThreadId(22)) [1P:/builds/dev/core/core/op-ui/src/edit_item/mod.rs:1048] Saving item with a pre-specified UUID
ERROR 2022-11-04T12:18:18.325 tokio-runtime-worker(ThreadId(2)) [1P:op-ui/src/icon_types.rs:310] Unable to fetch resource for item ucuez6dszab2owqdyhatrm4b5i (Size: List, Scale: TwoX), resource likely not found
ERROR 2022-11-04T12:18:18.325 tokio-runtime-worker(ThreadId(2)) [1P:op-ui/src/icon_types.rs:310] Unable to fetch resource for item q52yymgne4ge3oncn6phokpyl4 (Size: List, Scale: TwoX), resource likely not found
ERROR 2022-11-04T12:18:18.325 tokio-runtime-worker(ThreadId(2)) [1P:op-ui/src/icon_types.rs:310] Unable to fetch resource for item i2kxs56227q5nbfggpokdpqsum (Size: List, Scale: TwoX), resource likely not found
ERROR 2022-11-04T12:18:18.325 tokio-runtime-worker(ThreadId(2)) [1P:op-ui/src/icon_types.rs:310] Unable to fetch resource for item wco6vjljirrw7hxqy7u4lny6mq (Size: List, Scale: TwoX), resource likely not found
INFO  2022-11-04T12:18:19.038 tokio-runtime-worker(ThreadId(22)) [1P:op-syncer/src/sync_job.rs:1132] pushed 1 item(s); updated: 1; failed: 0; new vault content version: 40.
INFO  2022-11-04T12:18:19.038 tokio-runtime-worker(ThreadId(22)) [1P:op-syncer/src/sync_job.rs:291] synced account VYXXEDNCLRBCROW5BT5PCWTVHM (0.752008616s)
ERROR 2022-11-04T12:18:19.051 tokio-runtime-worker(ThreadId(22)) [1P:op-ui/src/icon_types.rs:310] Unable to fetch resource for item ucuez6dszab2owqdyhatrm4b5i (Size: List, Scale: TwoX), resource likely not found
ERROR 2022-11-04T12:18:19.052 tokio-runtime-worker(ThreadId(22)) [1P:op-ui/src/icon_types.rs:310] Unable to fetch resource for item q52yymgne4ge3oncn6phokpyl4 (Size: List, Scale: TwoX), resource likely not found
ERROR 2022-11-04T12:18:19.052 tokio-runtime-worker(ThreadId(22)) [1P:op-ui/src/icon_types.rs:310] Unable to fetch resource for item i2kxs56227q5nbfggpokdpqsum (Size: List, Scale: TwoX), resource likely not found
ERROR 2022-11-04T12:18:19.052 tokio-runtime-worker(ThreadId(22)) [1P:op-ui/src/icon_types.rs:310] Unable to fetch resource for item wco6vjljirrw7hxqy7u4lny6mq (Size: List, Scale: TwoX), resource likely not found
INFO  2022-11-04T12:18:23.879 op_executor:invocation_loop(ThreadId(33)) [1P:op-app/src/app/backend/frontend.rs:27] Front end event: window closed
ERROR 2022-11-04T12:36:55.902 tokio-runtime-worker(ThreadId(11)) [1P:native-messaging/op-native-core-integration/src/connection_handler.rs:60] message from b5x was None: EndConnection
ERROR 2022-11-04T12:36:55.902 tokio-runtime-worker(ThreadId(11)) [1P:native-messaging/op-native-core-integration/src/connection_handler.rs:31] Dropping connection with b5x due to error handling incoming message: EndConnection
INFO  2022-11-04T18:11:58.593 tokio-runtime-worker(ThreadId(11)) [1P:op-syncer/src/sync_job.rs:291] synced account VYXXEDNCLRBCROW5BT5PCWTVHM (1.7064585129999998s)
ERROR 2022-11-04T18:12:03.364 tokio-runtime-worker(ThreadId(11)) [1P:op-ui/src/icon_types.rs:310] Unable to fetch resource for item ucuez6dszab2owqdyhatrm4b5i (Size: List, Scale: TwoX), resource likely not found
ERROR 2022-11-04T18:12:03.364 tokio-runtime-worker(ThreadId(11)) [1P:op-ui/src/icon_types.rs:310] Unable to fetch resource for item q52yymgne4ge3oncn6phokpyl4 (Size: List, Scale: TwoX), resource likely not found
ERROR 2022-11-04T18:12:03.364 tokio-runtime-worker(ThreadId(11)) [1P:op-ui/src/icon_types.rs:310] Unable to fetch resource for item i2kxs56227q5nbfggpokdpqsum (Size: List, Scale: TwoX), resource likely not found
ERROR 2022-11-04T18:12:03.364 tokio-runtime-worker(ThreadId(11)) [1P:op-ui/src/icon_types.rs:310] Unable to fetch resource for item wco6vjljirrw7hxqy7u4lny6mq (Size: List, Scale: TwoX), resource likely not found
ERROR 2022-11-04T18:12:03.366 tokio-runtime-worker(ThreadId(1)) [1P:op-ui/src/icon_types.rs:310] Unable to fetch resource for item ucuez6dszab2owqdyhatrm4b5i (Size: List, Scale: TwoX), resource likely not found
ERROR 2022-11-04T18:12:03.366 tokio-runtime-worker(ThreadId(1)) [1P:op-ui/src/icon_types.rs:310] Unable to fetch resource for item q52yymgne4ge3oncn6phokpyl4 (Size: List, Scale: TwoX), resource likely not found
ERROR 2022-11-04T18:12:03.366 tokio-runtime-worker(ThreadId(1)) [1P:op-ui/src/icon_types.rs:310] Unable to fetch resource for item i2kxs56227q5nbfggpokdpqsum (Size: List, Scale: TwoX), resource likely not found
ERROR 2022-11-04T18:12:03.366 tokio-runtime-worker(ThreadId(1)) [1P:op-ui/src/icon_types.rs:310] Unable to fetch resource for item wco6vjljirrw7hxqy7u4lny6mq (Size: List, Scale: TwoX), resource likely not found
INFO  2022-11-04T18:12:06.167 op_executor:invocation_loop(ThreadId(33)) [1P:op-app/src/app/backend/frontend.rs:27] Front end event: window closed
INFO  2022-11-04T18:12:48.426 tokio-runtime-worker(ThreadId(1)) [1P:op-syncer/src/sync_job.rs:291] synced account VYXXEDNCLRBCROW5BT5PCWTVHM (0.388980349s)
ERROR 2022-11-04T18:19:14.240 tokio-runtime-worker(ThreadId(5)) [1P:native-messaging/op-native-core-integration/src/connection_handler.rs:60] message from b5x was None: EndConnection
ERROR 2022-11-04T18:19:14.240 tokio-runtime-worker(ThreadId(5)) [1P:native-messaging/op-native-core-integration/src/connection_handler.rs:31] Dropping connection with b5x due to error handling incoming message: EndConnection
ERROR 2022-11-04T18:19:19.221 ThreadId(26) [client:typescript] Attempted to update the window state after it was destroyed. Caused by app before-quit event.
INFO  2022-11-04T18:19:19.231 op_executor:invocation_loop(ThreadId(33)) [1P:op-app/src/app/backend/frontend.rs:71] Front end event: app will quit
