INFO  2022-10-31T09:43:28.389 ThreadId(26) [client:typescript] Client starting.
INFO  2022-10-31T09:43:28.482 tokio-runtime-worker(ThreadId(23)) [1P:native-messaging/op-native-core-integration/src/lib.rs:281] Starting IPC listener on 1Password-BrowserSupport
INFO  2022-10-31T09:43:28.482 ThreadId(26) [1P:op-localization/src/lib.rs:236] system locale detected as 'en_US'
INFO  2022-10-31T09:43:28.482 ThreadId(26) [1P:op-localization/src/lib.rs:262] selected translations for EN_US based on detected locale en-US
INFO  2022-10-31T09:43:28.482 ThreadId(26) [status:op-app/src/app.rs:387] App::new(1Password for Linux/80904044 (EN_US), /home/$USER/.config/1Password/1password.sqlite)
INFO  2022-10-31T09:43:28.482 tokio-runtime-worker(ThreadId(22)) [1P:native-messaging/op-native-core-integration/src/lib.rs:293] Active native core integration is awaiting messages
INFO  2022-10-31T09:43:28.482 ThreadId(26) [1P:op-db/src/db.rs:120] Starting DB at version: 25
INFO  2022-10-31T09:43:28.482 ThreadId(26) [1P:ssh/op-ssh-config/src/lib.rs:231] agent not configured
ERROR 2022-10-31T09:43:28.482 ThreadId(26) [1P:ffi/core-node/src/lib.rs:65] Attempted to notify uninitialized App
INFO  2022-10-31T09:43:28.483 op_executor:invocation_loop(ThreadId(33)) [1P:native-messaging/op-nm-installer/src/nix_utils.rs:68] Created NMH manifest at /home/$USER/.config/google-chrome/NativeMessagingHosts/com.1password.1password.json
INFO  2022-10-31T09:43:28.483 op_executor:invocation_loop(ThreadId(33)) [1P:native-messaging/op-nm-installer/src/nix_utils.rs:68] Created NMH manifest at /home/$USER/.config/google-chrome-beta/NativeMessagingHosts/com.1password.1password.json
INFO  2022-10-31T09:43:28.483 op_executor:invocation_loop(ThreadId(33)) [1P:native-messaging/op-nm-installer/src/nix_utils.rs:68] Created NMH manifest at /home/$USER/.config/google-chrome-unstable/NativeMessagingHosts/com.1password.1password.json
INFO  2022-10-31T09:43:28.483 op_executor:invocation_loop(ThreadId(33)) [1P:native-messaging/op-nm-installer/src/nix_utils.rs:68] Created NMH manifest at /home/$USER/.config/chromium/NativeMessagingHosts/com.1password.1password.json
INFO  2022-10-31T09:43:28.483 op_executor:invocation_loop(ThreadId(33)) [1P:native-messaging/op-nm-installer/src/nix_utils.rs:68] Created NMH manifest at /home/$USER/.config/microsoft-edge-dev/NativeMessagingHosts/com.1password.1password.json
INFO  2022-10-31T09:43:28.483 op_executor:invocation_loop(ThreadId(33)) [1P:native-messaging/op-nm-installer/src/nix_utils.rs:68] Created NMH manifest at /home/$USER/.config/BraveSoftware/Brave-Browser/NativeMessagingHosts/com.1password.1password.json
INFO  2022-10-31T09:43:28.483 op_executor:invocation_loop(ThreadId(33)) [1P:native-messaging/op-nm-installer/src/nix_utils.rs:68] Created NMH manifest at /home/$USER/.config/vivaldi/NativeMessagingHosts/com.1password.1password.json
INFO  2022-10-31T09:43:28.483 op_executor:invocation_loop(ThreadId(33)) [1P:native-messaging/op-nm-installer/src/nix_utils.rs:68] Created NMH manifest at /home/$USER/.config/vivaldi-snapshot/NativeMessagingHosts/com.1password.1password.json
INFO  2022-10-31T09:43:28.483 op_executor:invocation_loop(ThreadId(33)) [1P:native-messaging/op-nm-installer/src/nix_utils.rs:68] Created NMH manifest at /home/$USER/.mozilla/native-messaging-hosts/com.1password.1password.json
INFO  2022-10-31T09:43:28.483 op_executor:invocation_loop(ThreadId(33)) [1P:native-messaging/op-nm-installer/src/nix_utils.rs:83] Successfully installed all native messaging manifests.
INFO  2022-10-31T09:43:55.206 tokio-runtime-worker(ThreadId(23)) [1P:op-data-layer/src/load.rs:149] loaded 34 items in 3 vaults for account: VYXXEDNCLRBCROW5BT5PCWTVHM
ERROR 2022-10-31T09:43:55.208 op_executor:invocation_loop(ThreadId(33)) [1P:op-auto-lock/src/linux.rs:206] Could not connect to the X server: XcbEventError
INFO  2022-10-31T09:43:55.208 op_executor:invocation_loop(ThreadId(33)) [1P:op-app/src/app/backend/unlock.rs:110] Lock state changed: Unlocked
INFO  2022-10-31T09:43:56.052 tokio-runtime-worker(ThreadId(6)) [1P:op-syncer/src/sync_job.rs:285] synced account VYXXEDNCLRBCROW5BT5PCWTVHM (0.117872198s)
INFO  2022-10-31T09:43:56.052 tokio-runtime-worker(ThreadId(6)) [1P:op-data-layer/src/file.rs:613] find_and_complete_pending_uploads: 'VYXXEDNCLRBCROW5BT5PCWTVHM'
INFO  2022-10-31T09:43:56.987 tokio-runtime-worker(ThreadId(14)) [1P:op-data-layer/src/sync.rs:330] The B5 Notifier for (VYXXEDNCLRBCROW5BT5PCWTVHM) has connected, now monitoring for events.
INFO  2022-10-31T09:43:59.028 op_executor:invocation_loop(ThreadId(33)) [1P:op-app/src/app/backend/frontend.rs:27] Front end event: window closed
INFO  2022-10-31T09:45:51.510 tokio-runtime-worker(ThreadId(6)) [1P:native-messaging/op-native-core-integration/src/lib.rs:305] Extension connecting.
INFO  2022-10-31T09:45:51.510 tokio-runtime-worker(ThreadId(6)) [1P:native-messaging/op-native-core-integration/src/lib.rs:307] Extension connection accepted.
INFO  2022-10-31T11:44:41.707 tokio-runtime-worker(ThreadId(14)) [1P:op-syncer/src/sync_job.rs:285] synced account VYXXEDNCLRBCROW5BT5PCWTVHM (0.24630731s)
INFO  2022-10-31T11:44:42.510 tokio-runtime-worker(ThreadId(14)) [1P:op-syncer/src/sync_job.rs:285] synced account VYXXEDNCLRBCROW5BT5PCWTVHM (0.255071587s)
INFO  2022-10-31T11:45:19.785 tokio-runtime-worker(ThreadId(13)) [1P:op-syncer/src/sync_job.rs:285] synced account VYXXEDNCLRBCROW5BT5PCWTVHM (0.266319738s)
INFO  2022-10-31T11:45:27.759 tokio-runtime-worker(ThreadId(13)) [1P:op-syncer/src/sync_job.rs:285] synced account VYXXEDNCLRBCROW5BT5PCWTVHM (0.25278577s)
INFO  2022-10-31T11:45:58.079 tokio-runtime-worker(ThreadId(14)) [1P:op-syncer/src/sync_job.rs:285] synced account VYXXEDNCLRBCROW5BT5PCWTVHM (0.253889704s)
INFO  2022-10-31T11:46:12.288 tokio-runtime-worker(ThreadId(6)) [1P:op-syncer/src/sync_job.rs:285] synced account VYXXEDNCLRBCROW5BT5PCWTVHM (0.258648603s)
INFO  2022-10-31T11:46:25.270 tokio-runtime-worker(ThreadId(13)) [1P:op-syncer/src/sync_job.rs:285] synced account VYXXEDNCLRBCROW5BT5PCWTVHM (0.261220544s)
INFO  2022-10-31T11:46:59.285 tokio-runtime-worker(ThreadId(6)) [1P:op-syncer/src/sync_job.rs:285] synced account VYXXEDNCLRBCROW5BT5PCWTVHM (0.269678861s)
INFO  2022-10-31T11:47:05.462 tokio-runtime-worker(ThreadId(14)) [1P:op-syncer/src/sync_job.rs:285] synced account VYXXEDNCLRBCROW5BT5PCWTVHM (0.250160826s)
