INFO  2022-11-11T05:41:20.981 ThreadId(26) [client:typescript] Client starting.
INFO  2022-11-11T05:41:21.034 tokio-runtime-worker(ThreadId(22)) [1P:native-messaging/op-native-core-integration/src/lib.rs:281] Starting IPC listener on 1Password-BrowserSupport
INFO  2022-11-11T05:41:21.034 ThreadId(26) [1P:op-localization/src/lib.rs:241] system locale detected as 'en_US'
INFO  2022-11-11T05:41:21.034 ThreadId(26) [1P:op-localization/src/lib.rs:267] selected translations for EN_US based on detected locale en-US
INFO  2022-11-11T05:41:21.034 ThreadId(26) [status:op-app/src/app.rs:401] App::new(1Password for Linux/80908009 (EN_US), /home/$USER/.config/1Password/1password.sqlite)
INFO  2022-11-11T05:41:21.034 tokio-runtime-worker(ThreadId(5)) [1P:native-messaging/op-native-core-integration/src/lib.rs:293] Active native core integration is awaiting messages
INFO  2022-11-11T05:41:21.036 ThreadId(26) [1P:op-db/src/db.rs:120] Starting DB at version: 26
INFO  2022-11-11T05:41:21.038 ThreadId(26) [1P:ssh/op-ssh-config/src/lib.rs:224] agent not configured
ERROR 2022-11-11T05:41:21.038 ThreadId(26) [1P:ffi/op-core-node/src/lib.rs:66] Attempted to notify uninitialized App
INFO  2022-11-11T05:41:21.039 op_executor:invocation_loop(ThreadId(33)) [1P:native-messaging/op-nm-installer/src/nix_utils.rs:68] Created NMH manifest at /home/$USER/.config/google-chrome/NativeMessagingHosts/com.1password.1password.json
INFO  2022-11-11T05:41:21.039 op_executor:invocation_loop(ThreadId(33)) [1P:native-messaging/op-nm-installer/src/nix_utils.rs:68] Created NMH manifest at /home/$USER/.config/google-chrome-beta/NativeMessagingHosts/com.1password.1password.json
INFO  2022-11-11T05:41:21.039 op_executor:invocation_loop(ThreadId(33)) [1P:native-messaging/op-nm-installer/src/nix_utils.rs:68] Created NMH manifest at /home/$USER/.config/google-chrome-unstable/NativeMessagingHosts/com.1password.1password.json
INFO  2022-11-11T05:41:21.039 op_executor:invocation_loop(ThreadId(33)) [1P:native-messaging/op-nm-installer/src/nix_utils.rs:68] Created NMH manifest at /home/$USER/.config/chromium/NativeMessagingHosts/com.1password.1password.json
INFO  2022-11-11T05:41:21.039 op_executor:invocation_loop(ThreadId(33)) [1P:native-messaging/op-nm-installer/src/nix_utils.rs:68] Created NMH manifest at /home/$USER/.config/microsoft-edge-dev/NativeMessagingHosts/com.1password.1password.json
INFO  2022-11-11T05:41:21.039 op_executor:invocation_loop(ThreadId(33)) [1P:native-messaging/op-nm-installer/src/nix_utils.rs:68] Created NMH manifest at /home/$USER/.config/BraveSoftware/Brave-Browser/NativeMessagingHosts/com.1password.1password.json
INFO  2022-11-11T05:41:21.039 op_executor:invocation_loop(ThreadId(33)) [1P:native-messaging/op-nm-installer/src/nix_utils.rs:68] Created NMH manifest at /home/$USER/.config/vivaldi/NativeMessagingHosts/com.1password.1password.json
INFO  2022-11-11T05:41:21.039 op_executor:invocation_loop(ThreadId(33)) [1P:native-messaging/op-nm-installer/src/nix_utils.rs:68] Created NMH manifest at /home/$USER/.config/vivaldi-snapshot/NativeMessagingHosts/com.1password.1password.json
INFO  2022-11-11T05:41:21.039 op_executor:invocation_loop(ThreadId(33)) [1P:native-messaging/op-nm-installer/src/nix_utils.rs:68] Created NMH manifest at /home/$USER/.mozilla/native-messaging-hosts/com.1password.1password.json
INFO  2022-11-11T05:41:21.039 op_executor:invocation_loop(ThreadId(33)) [1P:native-messaging/op-nm-installer/src/nix_utils.rs:83] Successfully installed all native messaging manifests.
INFO  2022-11-11T05:41:33.951 tokio-runtime-worker(ThreadId(10)) [1P:native-messaging/op-native-core-integration/src/lib.rs:305] Extension connecting.
INFO  2022-11-11T05:41:33.951 tokio-runtime-worker(ThreadId(10)) [1P:native-messaging/op-native-core-integration/src/lib.rs:307] Extension connection accepted.
INFO  2022-11-11T05:50:19.307 tokio-runtime-worker(ThreadId(13)) [1P:op-app/src/app/backend/unlock.rs:284] System unlock was attempted but we cannot use it.
INFO  2022-11-11T05:50:19.308 tokio-runtime-worker(ThreadId(10)) [1P:op-app/src/app/backend/unlock.rs:284] System unlock was attempted but we cannot use it.
INFO  2022-11-11T05:50:23.693 tokio-runtime-worker(ThreadId(13)) [1P:op-data-layer/src/load.rs:97] loaded 52 items in 3 vaults for account: VYXXEDNCLRBCROW5BT5PCWTVHM
ERROR 2022-11-11T05:50:23.694 op_executor:invocation_loop(ThreadId(33)) [1P:op-auto-lock/src/linux.rs:206] Could not connect to the X server: XcbEventError
INFO  2022-11-11T05:50:23.694 op_executor:invocation_loop(ThreadId(33)) [1P:op-app/src/app/backend/unlock.rs:123] Lock state changed: Unlocked
INFO  2022-11-11T05:50:23.699 op_executor:invocation_loop(ThreadId(33)) [1P:op-app/src/app/backend/frontend.rs:27] Front end event: window closed
INFO  2022-11-11T05:50:24.987 tokio-runtime-worker(ThreadId(10)) [1P:op-syncer/src/sync_job.rs:291] synced account VYXXEDNCLRBCROW5BT5PCWTVHM (0.377100259s)
INFO  2022-11-11T05:50:24.988 tokio-runtime-worker(ThreadId(13)) [1P:data/op-file-transfer/src/lib.rs:561] find_and_complete_pending_uploads: 'VYXXEDNCLRBCROW5BT5PCWTVHM'
INFO  2022-11-11T05:50:25.621 tokio-runtime-worker(ThreadId(2)) [1P:data/op-account-ext-syncer/src/lib.rs:187] The B5 Notifier for (VYXXEDNCLRBCROW5BT5PCWTVHM) has connected, now monitoring for events.
INFO  2022-11-11T14:11:18.426 tokio-runtime-worker(ThreadId(21)) [1P:native-messaging/op-native-core-integration/src/lib.rs:305] Extension connecting.
INFO  2022-11-11T14:11:18.426 tokio-runtime-worker(ThreadId(21)) [1P:native-messaging/op-native-core-integration/src/lib.rs:307] Extension connection accepted.
ERROR 2022-11-11T14:12:02.751 tokio-runtime-worker(ThreadId(10)) [1P:native-messaging/op-native-core-integration/src/connection_handler.rs:60] message from b5x was None: EndConnection
ERROR 2022-11-11T14:12:02.752 tokio-runtime-worker(ThreadId(10)) [1P:native-messaging/op-native-core-integration/src/connection_handler.rs:31] Dropping connection with b5x due to error handling incoming message: EndConnection
ERROR 2022-11-11T14:24:26.897 tokio-runtime-worker(ThreadId(10)) [1P:native-messaging/op-native-core-integration/src/connection_handler.rs:60] message from b5x was None: EndConnection
ERROR 2022-11-11T14:24:26.897 tokio-runtime-worker(ThreadId(10)) [1P:native-messaging/op-native-core-integration/src/connection_handler.rs:31] Dropping connection with b5x due to error handling incoming message: EndConnection
