INFO  2022-11-08T06:36:53.415 ThreadId(26) [client:typescript] Client starting.
INFO  2022-11-08T06:36:53.469 tokio-runtime-worker(ThreadId(3)) [1P:native-messaging/op-native-core-integration/src/lib.rs:281] Starting IPC listener on 1Password-BrowserSupport
INFO  2022-11-08T06:36:53.469 ThreadId(26) [1P:op-localization/src/lib.rs:241] system locale detected as 'en_US'
INFO  2022-11-08T06:36:53.469 ThreadId(26) [1P:op-localization/src/lib.rs:267] selected translations for EN_US based on detected locale en-US
INFO  2022-11-08T06:36:53.469 ThreadId(26) [status:op-app/src/app.rs:401] App::new(1Password for Linux/80908009 (EN_US), /home/$USER/.config/1Password/1password.sqlite)
INFO  2022-11-08T06:36:53.469 tokio-runtime-worker(ThreadId(12)) [1P:native-messaging/op-native-core-integration/src/lib.rs:293] Active native core integration is awaiting messages
INFO  2022-11-08T06:36:53.471 ThreadId(26) [1P:op-db/src/db.rs:120] Starting DB at version: 26
INFO  2022-11-08T06:36:53.473 ThreadId(26) [1P:ssh/op-ssh-config/src/lib.rs:224] agent not configured
ERROR 2022-11-08T06:36:53.473 ThreadId(26) [1P:ffi/op-core-node/src/lib.rs:66] Attempted to notify uninitialized App
INFO  2022-11-08T06:36:53.474 op_executor:invocation_loop(ThreadId(33)) [1P:native-messaging/op-nm-installer/src/nix_utils.rs:68] Created NMH manifest at /home/$USER/.config/google-chrome/NativeMessagingHosts/com.1password.1password.json
INFO  2022-11-08T06:36:53.474 op_executor:invocation_loop(ThreadId(33)) [1P:native-messaging/op-nm-installer/src/nix_utils.rs:68] Created NMH manifest at /home/$USER/.config/google-chrome-beta/NativeMessagingHosts/com.1password.1password.json
INFO  2022-11-08T06:36:53.474 op_executor:invocation_loop(ThreadId(33)) [1P:native-messaging/op-nm-installer/src/nix_utils.rs:68] Created NMH manifest at /home/$USER/.config/google-chrome-unstable/NativeMessagingHosts/com.1password.1password.json
INFO  2022-11-08T06:36:53.474 op_executor:invocation_loop(ThreadId(33)) [1P:native-messaging/op-nm-installer/src/nix_utils.rs:68] Created NMH manifest at /home/$USER/.config/chromium/NativeMessagingHosts/com.1password.1password.json
INFO  2022-11-08T06:36:53.474 op_executor:invocation_loop(ThreadId(33)) [1P:native-messaging/op-nm-installer/src/nix_utils.rs:68] Created NMH manifest at /home/$USER/.config/microsoft-edge-dev/NativeMessagingHosts/com.1password.1password.json
INFO  2022-11-08T06:36:53.474 op_executor:invocation_loop(ThreadId(33)) [1P:native-messaging/op-nm-installer/src/nix_utils.rs:68] Created NMH manifest at /home/$USER/.config/BraveSoftware/Brave-Browser/NativeMessagingHosts/com.1password.1password.json
INFO  2022-11-08T06:36:53.474 op_executor:invocation_loop(ThreadId(33)) [1P:native-messaging/op-nm-installer/src/nix_utils.rs:68] Created NMH manifest at /home/$USER/.config/vivaldi/NativeMessagingHosts/com.1password.1password.json
INFO  2022-11-08T06:36:53.474 op_executor:invocation_loop(ThreadId(33)) [1P:native-messaging/op-nm-installer/src/nix_utils.rs:68] Created NMH manifest at /home/$USER/.config/vivaldi-snapshot/NativeMessagingHosts/com.1password.1password.json
INFO  2022-11-08T06:36:53.474 op_executor:invocation_loop(ThreadId(33)) [1P:native-messaging/op-nm-installer/src/nix_utils.rs:68] Created NMH manifest at /home/$USER/.mozilla/native-messaging-hosts/com.1password.1password.json
INFO  2022-11-08T06:36:53.474 op_executor:invocation_loop(ThreadId(33)) [1P:native-messaging/op-nm-installer/src/nix_utils.rs:83] Successfully installed all native messaging manifests.
INFO  2022-11-08T06:42:38.839 tokio-runtime-worker(ThreadId(22)) [1P:op-data-layer/src/load.rs:97] loaded 50 items in 3 vaults for account: VYXXEDNCLRBCROW5BT5PCWTVHM
ERROR 2022-11-08T06:42:38.841 op_executor:invocation_loop(ThreadId(33)) [1P:op-auto-lock/src/linux.rs:206] Could not connect to the X server: XcbEventError
INFO  2022-11-08T06:42:38.841 op_executor:invocation_loop(ThreadId(33)) [1P:op-app/src/app/backend/unlock.rs:123] Lock state changed: Unlocked
INFO  2022-11-08T06:42:40.029 tokio-runtime-worker(ThreadId(23)) [1P:op-syncer/src/sync_job.rs:291] synced account VYXXEDNCLRBCROW5BT5PCWTVHM (0.240373775s)
INFO  2022-11-08T06:42:40.029 tokio-runtime-worker(ThreadId(11)) [1P:data/op-file-transfer/src/lib.rs:561] find_and_complete_pending_uploads: 'VYXXEDNCLRBCROW5BT5PCWTVHM'
INFO  2022-11-08T06:42:40.200 tokio-runtime-worker(ThreadId(23)) [1P:data/op-account-ext-syncer/src/lib.rs:187] The B5 Notifier for (VYXXEDNCLRBCROW5BT5PCWTVHM) has connected, now monitoring for events.
INFO  2022-11-08T06:42:42.449 op_executor:invocation_loop(ThreadId(33)) [1P:op-app/src/app/backend/frontend.rs:27] Front end event: window closed
INFO  2022-11-08T06:43:29.060 tokio-runtime-worker(ThreadId(23)) [1P:native-messaging/op-native-core-integration/src/lib.rs:305] Extension connecting.
INFO  2022-11-08T06:43:29.060 tokio-runtime-worker(ThreadId(23)) [1P:native-messaging/op-native-core-integration/src/lib.rs:307] Extension connection accepted.
ERROR 2022-11-08T06:43:47.270 tokio-runtime-worker(ThreadId(23)) [1P:native-messaging/op-native-core-integration/src/connection_handler.rs:60] message from b5x was None: EndConnection
ERROR 2022-11-08T06:43:47.270 tokio-runtime-worker(ThreadId(23)) [1P:native-messaging/op-native-core-integration/src/connection_handler.rs:31] Dropping connection with b5x due to error handling incoming message: EndConnection
INFO  2022-11-08T06:43:50.307 tokio-runtime-worker(ThreadId(23)) [1P:native-messaging/op-native-core-integration/src/lib.rs:305] Extension connecting.
INFO  2022-11-08T06:43:50.307 tokio-runtime-worker(ThreadId(23)) [1P:native-messaging/op-native-core-integration/src/lib.rs:307] Extension connection accepted.
ERROR 2022-11-08T06:56:31.333 tokio-runtime-worker(ThreadId(3)) [1P:native-messaging/op-native-core-integration/src/connection_handler.rs:60] message from b5x was None: EndConnection
ERROR 2022-11-08T06:56:31.333 tokio-runtime-worker(ThreadId(3)) [1P:native-messaging/op-native-core-integration/src/connection_handler.rs:31] Dropping connection with b5x due to error handling incoming message: EndConnection
