INFO  2022-11-01T17:31:19.035 ThreadId(26) [client:typescript] Client starting.
INFO  2022-11-01T17:31:19.129 tokio-runtime-worker(ThreadId(10)) [1P:native-messaging/op-native-core-integration/src/lib.rs:281] Starting IPC listener on 1Password-BrowserSupport
INFO  2022-11-01T17:31:19.129 ThreadId(26) [1P:op-localization/src/lib.rs:236] system locale detected as 'en_US'
INFO  2022-11-01T17:31:19.129 ThreadId(26) [1P:op-localization/src/lib.rs:262] selected translations for EN_US based on detected locale en-US
INFO  2022-11-01T17:31:19.129 ThreadId(26) [status:op-app/src/app.rs:387] App::new(1Password for Linux/80904044 (EN_US), /home/$USER/.config/1Password/1password.sqlite)
INFO  2022-11-01T17:31:19.129 tokio-runtime-worker(ThreadId(22)) [1P:native-messaging/op-native-core-integration/src/lib.rs:293] Active native core integration is awaiting messages
INFO  2022-11-01T17:31:19.129 ThreadId(26) [1P:op-db/src/db.rs:120] Starting DB at version: 25
INFO  2022-11-01T17:31:19.129 ThreadId(26) [1P:ssh/op-ssh-config/src/lib.rs:231] agent not configured
ERROR 2022-11-01T17:31:19.129 ThreadId(26) [1P:ffi/core-node/src/lib.rs:65] Attempted to notify uninitialized App
INFO  2022-11-01T17:31:19.130 op_executor:invocation_loop(ThreadId(33)) [1P:native-messaging/op-nm-installer/src/nix_utils.rs:68] Created NMH manifest at /home/$USER/.config/google-chrome/NativeMessagingHosts/com.1password.1password.json
INFO  2022-11-01T17:31:19.130 op_executor:invocation_loop(ThreadId(33)) [1P:native-messaging/op-nm-installer/src/nix_utils.rs:68] Created NMH manifest at /home/$USER/.config/google-chrome-beta/NativeMessagingHosts/com.1password.1password.json
INFO  2022-11-01T17:31:19.130 op_executor:invocation_loop(ThreadId(33)) [1P:native-messaging/op-nm-installer/src/nix_utils.rs:68] Created NMH manifest at /home/$USER/.config/google-chrome-unstable/NativeMessagingHosts/com.1password.1password.json
INFO  2022-11-01T17:31:19.130 op_executor:invocation_loop(ThreadId(33)) [1P:native-messaging/op-nm-installer/src/nix_utils.rs:68] Created NMH manifest at /home/$USER/.config/chromium/NativeMessagingHosts/com.1password.1password.json
INFO  2022-11-01T17:31:19.130 op_executor:invocation_loop(ThreadId(33)) [1P:native-messaging/op-nm-installer/src/nix_utils.rs:68] Created NMH manifest at /home/$USER/.config/microsoft-edge-dev/NativeMessagingHosts/com.1password.1password.json
INFO  2022-11-01T17:31:19.130 op_executor:invocation_loop(ThreadId(33)) [1P:native-messaging/op-nm-installer/src/nix_utils.rs:68] Created NMH manifest at /home/$USER/.config/BraveSoftware/Brave-Browser/NativeMessagingHosts/com.1password.1password.json
INFO  2022-11-01T17:31:19.130 op_executor:invocation_loop(ThreadId(33)) [1P:native-messaging/op-nm-installer/src/nix_utils.rs:68] Created NMH manifest at /home/$USER/.config/vivaldi/NativeMessagingHosts/com.1password.1password.json
INFO  2022-11-01T17:31:19.130 op_executor:invocation_loop(ThreadId(33)) [1P:native-messaging/op-nm-installer/src/nix_utils.rs:68] Created NMH manifest at /home/$USER/.config/vivaldi-snapshot/NativeMessagingHosts/com.1password.1password.json
INFO  2022-11-01T17:31:19.130 op_executor:invocation_loop(ThreadId(33)) [1P:native-messaging/op-nm-installer/src/nix_utils.rs:68] Created NMH manifest at /home/$USER/.mozilla/native-messaging-hosts/com.1password.1password.json
INFO  2022-11-01T17:31:19.130 op_executor:invocation_loop(ThreadId(33)) [1P:native-messaging/op-nm-installer/src/nix_utils.rs:83] Successfully installed all native messaging manifests.
INFO  2022-11-01T17:31:39.707 tokio-runtime-worker(ThreadId(10)) [1P:op-data-layer/src/load.rs:149] loaded 40 items in 3 vaults for account: VYXXEDNCLRBCROW5BT5PCWTVHM
ERROR 2022-11-01T17:31:39.709 op_executor:invocation_loop(ThreadId(33)) [1P:op-auto-lock/src/linux.rs:206] Could not connect to the X server: XcbEventError
INFO  2022-11-01T17:31:39.709 op_executor:invocation_loop(ThreadId(33)) [1P:op-app/src/app/backend/unlock.rs:110] Lock state changed: Unlocked
INFO  2022-11-01T17:31:40.550 tokio-runtime-worker(ThreadId(20)) [1P:op-syncer/src/sync_job.rs:285] synced account VYXXEDNCLRBCROW5BT5PCWTVHM (0.110571237s)
INFO  2022-11-01T17:31:40.551 tokio-runtime-worker(ThreadId(20)) [1P:op-data-layer/src/file.rs:613] find_and_complete_pending_uploads: 'VYXXEDNCLRBCROW5BT5PCWTVHM'
INFO  2022-11-01T17:31:41.450 tokio-runtime-worker(ThreadId(10)) [1P:op-data-layer/src/sync.rs:330] The B5 Notifier for (VYXXEDNCLRBCROW5BT5PCWTVHM) has connected, now monitoring for events.
INFO  2022-11-01T17:31:58.490 tokio-runtime-worker(ThreadId(20)) [1P:native-messaging/op-native-core-integration/src/lib.rs:305] Extension connecting.
INFO  2022-11-01T17:31:58.490 tokio-runtime-worker(ThreadId(20)) [1P:native-messaging/op-native-core-integration/src/lib.rs:307] Extension connection accepted.
INFO  2022-11-01T17:36:02.973 op_executor:invocation_loop(ThreadId(33)) [1P:op-app/src/app/backend/frontend.rs:27] Front end event: window closed
INFO  2022-11-01T17:36:37.940 op_executor:invocation_loop(ThreadId(33)) [1P:op-app/src/app/backend/frontend.rs:27] Front end event: window closed
INFO  2022-11-01T17:36:57.908 op_executor:invocation_loop(ThreadId(33)) [1P:op-app/src/app/backend/frontend.rs:27] Front end event: window closed
ERROR 2022-11-01T18:11:21.187 tokio-runtime-worker(ThreadId(10)) [1P:native-messaging/op-native-core-integration/src/connection_handler.rs:60] message from b5x was None: EndConnection
ERROR 2022-11-01T18:11:21.187 tokio-runtime-worker(ThreadId(10)) [1P:native-messaging/op-native-core-integration/src/connection_handler.rs:31] Dropping connection with b5x due to error handling incoming message: EndConnection
